2026-05-17 18:40:43,976 - data_fetcher - INFO - Starting data fetching process...
2026-05-17 18:40:43,976 - data_fetcher - INFO - Fetching data for KEUA from 2018-01-01...
2026-05-17 18:40:46,321 - data_fetcher - INFO - Successfully fetched 1122 rows for KEUA.
2026-05-17 18:40:46,374 - data_fetcher - INFO - Saved KEUA to data/cache/KEUA.parquet
2026-05-17 18:40:46,374 - data_fetcher - INFO - Fetching data for KRBN from 2018-01-01...
2026-05-17 18:40:47,389 - data_fetcher - INFO - Successfully fetched 1455 rows for KRBN.
2026-05-17 18:40:47,391 - data_fetcher - INFO - Saved KRBN to data/cache/KRBN.parquet
2026-05-17 18:40:47,391 - data_fetcher - INFO - Fetching data for BZ=F from 2018-01-01...
2026-05-17 18:40:47,875 - data_fetcher - INFO - Successfully fetched 2107 rows for BZ=F.
2026-05-17 18:40:47,877 - data_fetcher - INFO - Saved BRENT to data/cache/BRENT.parquet
2026-05-17 18:40:47,877 - data_fetcher - INFO - Fetching data for ^NSEI from 2018-01-01...
2026-05-17 18:40:48,590 - data_fetcher - INFO - Successfully fetched 2061 rows for ^NSEI.
2026-05-17 18:40:48,592 - data_fetcher - INFO - Saved NIFTY to data/cache/NIFTY.parquet
2026-05-17 18:40:48,592 - data_fetcher - INFO - Fetching data for USDINR=X from 2018-01-01...
2026-05-17 18:40:49,556 - data_fetcher - INFO - Successfully fetched 2180 rows for USDINR=X.
2026-05-17 18:40:49,562 - data_fetcher - INFO - Saved USD_INR to data/cache/USD_INR.parquet
2026-05-17 18:40:49,563 - data_fetcher - INFO - Fetching data for COALINDIA.NS from 2018-01-01...
2026-05-17 18:40:49,944 - data_fetcher - INFO - Successfully fetched 2067 rows for COALINDIA.NS.
2026-05-17 18:40:49,946 - data_fetcher - INFO - Saved COAL_INDIA to data/cache/COAL_INDIA.parquet
2026-05-17 18:40:49,946 - data_fetcher - INFO - Data fetching process complete.
